
Dec 16, 2021 07:13:33.764 NEW SESSION
Dec 16, 2021 07:13:33.764 [12572:19300:1216/071333.761:ERROR:chrome_browser_main_extra_parts_metrics.cc(226)] crbug.com/1216328: Checking Bluetooth availability started. Please report if there is no report that this ends.
Dec 16, 2021 07:13:33.765 [12572:19300:1216/071333.762:ERROR:chrome_browser_main_extra_parts_metrics.cc(229)] crbug.com/1216328: Checking Bluetooth availability ended.
Dec 16, 2021 07:13:33.766 [12572:19300:1216/071333.762:ERROR:chrome_browser_main_extra_parts_metrics.cc(232)] crbug.com/1216328: Checking default browser status started. Please report if there is no report that this ends.
Dec 16, 2021 07:13:33.767 [12572:10024:1216/071333.764:ERROR:device_event_log_impl.cc(214)] [07:13:33.763] USB: usb_device_handle_win.cc:1048 Failed to read descriptor from node connection: A device attached to the system is not functioning. (0x1F)
Dec 16, 2021 07:13:33.785 [12572:19300:1216/071333.764:ERROR:chrome_browser_main_extra_parts_metrics.cc(236)] crbug.com/1216328: Checking default browser status ended.
Dec 16, 2021 07:13:33.786 [12572:10024:1216/071333.764:ERROR:device_event_log_impl.cc(214)] [07:13:33.764] USB: usb_device_handle_win.cc:1048 Failed to read descriptor from node connection: A device attached to the system is not functioning. (0x1F)
Dec 16, 2021 07:19:40.996 [21376:14224:1216/071940.994:ERROR:chrome_browser_main_extra_parts_metrics.cc(226)] crbug.com/1216328: Checking Bluetooth availability started. Please report if there is no report that this ends.
Dec 16, 2021 07:19:40.999 [21376:14224:1216/071940.995:ERROR:chrome_browser_main_extra_parts_metrics.cc(229)] crbug.com/1216328: Checking Bluetooth availability ended.
Dec 16, 2021 07:19:41.00 [21376:14224:1216/071940.995:ERROR:chrome_browser_main_extra_parts_metrics.cc(232)] crbug.com/1216328: Checking default browser status started. Please report if there is no report that this ends.
Dec 16, 2021 07:19:41.01 [21376:14224:1216/071940.997:ERROR:chrome_browser_main_extra_parts_metrics.cc(236)] crbug.com/1216328: Checking default browser status ended.
Dec 16, 2021 07:19:41.03 [21376:16816:1216/071940.999:ERROR:device_event_log_impl.cc(214)] [07:19:40.999] USB: usb_device_handle_win.cc:1048 Failed to read descriptor from node connection: A device attached to the system is not functioning. (0x1F)
Dec 16, 2021 07:19:41.05 [21376:16816:1216/071941.001:ERROR:device_event_log_impl.cc(214)] [07:19:41.001] USB: usb_device_handle_win.cc:1048 Failed to read descriptor from node connection: A device attached to the system is not functioning. (0x1F)
Dec 16, 2021 07:19:42.661 [21376:16816:1216/071942.660:ERROR:interface_endpoint_client.cc(658)] Message 0 rejected by interface blink.mojom.WidgetHost
Dec 16, 2021 09:11:13.59 [21376:16816:1216/091113.057:ERROR:device_event_log_impl.cc(214)] [09:11:13.057] USB: usb_service_win.cc:261 Failed to get device driver name: Element not found. (0x490)

Dec 18, 2021 02:08:59.481 NEW SESSION
Dec 18, 2021 02:08:59.481 [8536:13244:1218/020859.478:ERROR:chrome_browser_main_extra_parts_metrics.cc(226)] crbug.com/1216328: Checking Bluetooth availability started. Please report if there is no report that this ends.
Dec 18, 2021 02:08:59.505 [8536:14232:1218/020859.505:ERROR:device_event_log_impl.cc(214)] [02:08:59.505] USB: usb_device_handle_win.cc:1048 Failed to read descriptor from node connection: A device attached to the system is not functioning. (0x1F)
Dec 18, 2021 02:08:59.506 [8536:13244:1218/020859.506:ERROR:chrome_browser_main_extra_parts_metrics.cc(229)] crbug.com/1216328: Checking Bluetooth availability ended.
Dec 18, 2021 02:08:59.507 [8536:13244:1218/020859.506:ERROR:chrome_browser_main_extra_parts_metrics.cc(232)] crbug.com/1216328: Checking default browser status started. Please report if there is no report that this ends.
Dec 18, 2021 02:08:59.508 [8536:14232:1218/020859.506:ERROR:device_event_log_impl.cc(214)] [02:08:59.507] USB: usb_device_handle_win.cc:1048 Failed to read descriptor from node connection: A device attached to the system is not functioning. (0x1F)
Dec 18, 2021 02:08:59.508 [8536:13244:1218/020859.507:ERROR:chrome_browser_main_extra_parts_metrics.cc(236)] crbug.com/1216328: Checking default browser status ended.
Dec 18, 2021 06:00:11.687 [8536:14232:1218/060011.666:ERROR:device_event_log_impl.cc(214)] [06:00:11.666] USB: usb_service_win.cc:261 Failed to get device driver name: Element not found. (0x490)
Dec 18, 2021 12:16:53.636 [8536:14232:1218/121653.634:ERROR:device_event_log_impl.cc(214)] [12:16:53.635] USB: usb_service_win.cc:261 Failed to get device driver name: Element not found. (0x490)
Dec 18, 2021 14:31:11.786 [16892:21552:1218/143111.785:ERROR:chrome_browser_main_extra_parts_metrics.cc(226)] crbug.com/1216328: Checking Bluetooth availability started. Please report if there is no report that this ends.
Dec 18, 2021 14:31:11.787 [16892:21552:1218/143111.785:ERROR:chrome_browser_main_extra_parts_metrics.cc(229)] crbug.com/1216328: Checking Bluetooth availability ended.
Dec 18, 2021 14:31:11.788 [16892:21552:1218/143111.785:ERROR:chrome_browser_main_extra_parts_metrics.cc(232)] crbug.com/1216328: Checking default browser status started. Please report if there is no report that this ends.
Dec 18, 2021 14:31:11.789 [16892:21552:1218/143111.787:ERROR:chrome_browser_main_extra_parts_metrics.cc(236)] crbug.com/1216328: Checking default browser status ended.
Dec 18, 2021 14:31:11.789 [16892:16324:1218/143111.788:ERROR:device_event_log_impl.cc(214)] [14:31:11.787] USB: usb_device_handle_win.cc:1048 Failed to read descriptor from node connection: A device attached to the system is not functioning. (0x1F)
Dec 18, 2021 14:31:11.790 [16892:16324:1218/143111.789:ERROR:device_event_log_impl.cc(214)] [14:31:11.788] USB: usb_device_handle_win.cc:1048 Failed to read descriptor from node connection: A device attached to the system is not functioning. (0x1F)
Dec 18, 2021 14:44:48.507 [16892:16324:1218/144448.506:ERROR:device_event_log_impl.cc(214)] [14:44:48.506] USB: usb_service_win.cc:261 Failed to get device driver name: Element not found. (0x490)
Dec 18, 2021 16:36:46.995 [16892:16324:1218/163646.993:ERROR:CONSOLE(0)] "Access to XMLHttpRequest at 'https://play.google.com/log?format=json&hasfast=true' from origin 'chrome-untrusted://new-tab-page' has been blocked by CORS policy: No 'Access-Control-Allow-Origin' header is present on the requested resource.", source: chrome-untrusted://new-tab-page/one-google-bar?paramsencoded= (0)
Dec 18, 2021 16:36:49.323 [16892:16324:1218/163649.322:ERROR:CONSOLE(0)] "Access to XMLHttpRequest at 'https://play.google.com/log?format=json&hasfast=true' from origin 'chrome-untrusted://new-tab-page' has been blocked by CORS policy: No 'Access-Control-Allow-Origin' header is present on the requested resource.", source: chrome-untrusted://new-tab-page/one-google-bar?paramsencoded= (0)
Dec 18, 2021 16:36:53.643 [16892:16324:1218/163653.642:ERROR:CONSOLE(0)] "Access to XMLHttpRequest at 'https://play.google.com/log?format=json&hasfast=true' from origin 'chrome-untrusted://new-tab-page' has been blocked by CORS policy: No 'Access-Control-Allow-Origin' header is present on the requested resource.", source: chrome-untrusted://new-tab-page/one-google-bar?paramsencoded= (0)
Dec 18, 2021 16:37:02.560 [16892:16324:1218/163702.559:ERROR:CONSOLE(0)] "Access to XMLHttpRequest at 'https://play.google.com/log?format=json&hasfast=true' from origin 'chrome-untrusted://new-tab-page' has been blocked by CORS policy: No 'Access-Control-Allow-Origin' header is present on the requested resource.", source: chrome-untrusted://new-tab-page/one-google-bar?paramsencoded= (0)
Dec 18, 2021 16:37:18.983 [16892:16324:1218/163718.982:ERROR:CONSOLE(0)] "Access to XMLHttpRequest at 'https://play.google.com/log?format=json&hasfast=true' from origin 'chrome-untrusted://new-tab-page' has been blocked by CORS policy: No 'Access-Control-Allow-Origin' header is present on the requested resource.", source: chrome-untrusted://new-tab-page/one-google-bar?paramsencoded= (0)

Dec 19, 2021 06:07:09.321 NEW SESSION
Dec 19, 2021 06:07:09.321 [25064:11164:1219/060709.318:ERROR:chrome_browser_main_extra_parts_metrics.cc(226)] crbug.com/1216328: Checking Bluetooth availability started. Please report if there is no report that this ends.
Dec 19, 2021 06:07:09.322 [25064:11164:1219/060709.319:ERROR:chrome_browser_main_extra_parts_metrics.cc(229)] crbug.com/1216328: Checking Bluetooth availability ended.
Dec 19, 2021 06:07:09.323 [25064:11164:1219/060709.319:ERROR:chrome_browser_main_extra_parts_metrics.cc(232)] crbug.com/1216328: Checking default browser status started. Please report if there is no report that this ends.
Dec 19, 2021 06:07:09.324 [25064:11164:1219/060709.320:ERROR:chrome_browser_main_extra_parts_metrics.cc(236)] crbug.com/1216328: Checking default browser status ended.
Dec 19, 2021 06:07:09.325 [25064:19288:1219/060709.320:ERROR:device_event_log_impl.cc(214)] [06:07:09.321] USB: usb_device_handle_win.cc:1048 Failed to read descriptor from node connection: A device attached to the system is not functioning. (0x1F)
Dec 19, 2021 06:07:09.326 [25064:19288:1219/060709.321:ERROR:device_event_log_impl.cc(214)] [06:07:09.322] USB: usb_device_handle_win.cc:1048 Failed to read descriptor from node connection: A device attached to the system is not functioning. (0x1F)
